<?xml version="1.0" encoding="UTF-8"?>
<testsuites name="GeneralSuite" time="192.037" tests="4" failures="0" errors="0">
   <testsuite name="GeneralSuite" tests="4" failures="0" errors="0" time="192.037" skipped="0" timestamp="2023-07-27 22:48:55" hostname="elost - DESKTOP-VE506JI" id="Test Suites/GeneralSuite">
      <properties>
         <property name="deviceName" value=""/>
         <property name="devicePlatform" value=""/>
         <property name="logFolder" value="E:\\Projects\\JobsTodayKatalonWebAutomation\\Reports\\20230727_223031\\GeneralSuite\\20230727_223036"/>
         <property name="logFiles" value="E:\\Projects\\JobsTodayKatalonWebAutomation\\Reports\\20230727_223031\\GeneralSuite\\20230727_223036\\execution0.log"/>
         <property name="attachments" value=""/>
         <property name="hostName" value="elost - DESKTOP-VE506JI"/>
         <property name="os" value="Windows 10 64bit"/>
         <property name="katalonVersion" value="8.6.5.208"/>
         <property name="browser" value="Edge Chromium 115"/>
         <property name="hostAddress" value="192.168.1.4"/>
         <property name="sessionId" value="313f05252a8df96af6d3b9dd418101e4"/>
         <property name="seleniumVersion" value="3.141.59"/>
         <property name="proxyInformation" value="ProxyInformation { proxyOption=NO_PROXY, proxyServerType=HTTP, username=, password=********, proxyServerAddress=, proxyServerPort=0, executionList=&quot;&quot;, isApplyToDesiredCapabilities=true }"/>
         <property name="platform" value="Windows 10"/>
      </properties>
      <testcase name="Test Cases/General/AdvancedSearchTC" time="52.153" classname="Test Cases/General/AdvancedSearchTC" status="PASSED">
         <system-out><![CDATA[2023-07-27 22:48:56 - [TEST_CASE][PASSED] - Test Cases/General/AdvancedSearchTC: Test Cases/General/AdvancedSearchTC

2023-07-27 22:48:56 - [TEST_STEP][PASSED] - openBrowser(""): Browser is opened with url: ''

2023-07-27 22:48:57 - [MESSAGE][INFO] - Starting 'Edge Chromium' driver

2023-07-27 22:48:59 - [MESSAGE][INFO] - Action delay is set to 0 milliseconds

2023-07-27 22:49:03 - [MESSAGE][PASSED] - Browser is opened with url: ''

2023-07-27 22:49:03 - [TEST_STEP][PASSED] - maximizeWindow(): Current window maximized

2023-07-27 22:49:03 - [MESSAGE][PASSED] - Current window maximized

2023-07-27 22:49:03 - [TEST_STEP][PASSED] - navigateToUrl("https://www.jobstoday.world/en/"): Navigate to 'https://www.jobstoday.world/en/' successfully

2023-07-27 22:49:26 - [MESSAGE][PASSED] - Navigate to 'https://www.jobstoday.world/en/' successfully

2023-07-27 22:49:26 - [TEST_STEP][PASSED] - click(findTestObject("Object Repository/regCandElements/Page_Jobs Search, Search for a Job - Jobsto_ce5d69/button_Accept All Cookies")): Object: 'Object Repository/regCandElements/Page_Jobs Search, Search for a Job - Jobsto_ce5d69/button_Accept All Cookies' is clicked on

2023-07-27 22:49:27 - [MESSAGE][PASSED] - Object: 'Object Repository/regCandElements/Page_Jobs Search, Search for a Job - Jobsto_ce5d69/button_Accept All Cookies' is clicked on

2023-07-27 22:49:27 - [TEST_STEP][PASSED] - Thread.sleep(3000): null

2023-07-27 22:49:30 - [TEST_STEP][PASSED] - click(findTestObject("Object Repository/AdvancedSearchElements/Page_Jobs Search, Search for a Job - Jobsto_ce5d69/img")): Object: 'Object Repository/AdvancedSearchElements/Page_Jobs Search, Search for a Job - Jobsto_ce5d69/img' is clicked on

2023-07-27 22:49:34 - [MESSAGE][PASSED] - Object: 'Object Repository/AdvancedSearchElements/Page_Jobs Search, Search for a Job - Jobsto_ce5d69/img' is clicked on

2023-07-27 22:49:34 - [TEST_STEP][PASSED] - Thread.sleep(3000): null

2023-07-27 22:49:37 - [TEST_STEP][PASSED] - click(findTestObject("Object Repository/AdvancedSearchElements/Page_/img")): Object: 'Object Repository/AdvancedSearchElements/Page_/img' is clicked on

2023-07-27 22:49:37 - [MESSAGE][PASSED] - Object: 'Object Repository/AdvancedSearchElements/Page_/img' is clicked on

2023-07-27 22:49:37 - [TEST_STEP][PASSED] - click(findTestObject("Object Repository/AdvancedSearchElements/Page_/span_Filter_select2-selection select2-selec_809b49")): Object: 'Object Repository/AdvancedSearchElements/Page_/span_Filter_select2-selection select2-selec_809b49' is clicked on

2023-07-27 22:49:40 - [MESSAGE][PASSED] - Object: 'Object Repository/AdvancedSearchElements/Page_/span_Filter_select2-selection select2-selec_809b49' is clicked on

2023-07-27 22:49:40 - [TEST_STEP][PASSED] - driver = getWebDriver(): null

2023-07-27 22:49:40 - [TEST_STEP][PASSED] - G = By.id("country"): null

2023-07-27 22:49:40 - [TEST_STEP][PASSED] - CountryDrop = driver.findElement(G): null

2023-07-27 22:49:41 - [TEST_STEP][PASSED] - dropDown = new org.openqa.selenium.support.ui.Select(CountryDrop): null

2023-07-27 22:49:41 - [TEST_STEP][PASSED] - dropDown.selectByVisibleText("Germany"): null

2023-07-27 22:49:41 - [TEST_STEP][PASSED] - click(findTestObject("Object Repository/AdvancedSearchElements/Page_/button_Clear")): Object: 'Object Repository/AdvancedSearchElements/Page_/button_Clear' is clicked on

2023-07-27 22:49:42 - [MESSAGE][PASSED] - Object: 'Object Repository/AdvancedSearchElements/Page_/button_Clear' is clicked on

2023-07-27 22:49:42 - [TEST_STEP][PASSED] - click(findTestObject("Object Repository/AdvancedSearchElements/Page_/span_Search")): Object: 'Object Repository/AdvancedSearchElements/Page_/span_Search' is clicked on

2023-07-27 22:49:43 - [MESSAGE][PASSED] - Object: 'Object Repository/AdvancedSearchElements/Page_/span_Search' is clicked on

2023-07-27 22:49:43 - [TEST_STEP][PASSED] - Thread.sleep(3000): null

2023-07-27 22:49:46 - [TEST_STEP][PASSED] - verifyElementVisible(findTestObject("Object Repository/AdvancedSearchElements/Page_/p_4977362 jobs found")): Object 'Object Repository/AdvancedSearchElements/Page_/p_4977362 jobs found' is visible

2023-07-27 22:49:47 - [MESSAGE][PASSED] - Object 'Object Repository/AdvancedSearchElements/Page_/p_4977362 jobs found' is visible

2023-07-27 22:49:47 - [TEST_STEP][PASSED] - closeBrowser(): Browser is closed

2023-07-27 22:49:48 - [MESSAGE][PASSED] - Browser is closed]]></system-out>
         <system-err><![CDATA[]]></system-err>
      </testcase>
      <testcase name="Test Cases/General/checkLanguage" time="47.989" classname="Test Cases/General/checkLanguage" status="PASSED">
         <system-out><![CDATA[2023-07-27 22:49:48 - [TEST_CASE][PASSED] - Test Cases/General/checkLanguage: Test Cases/General/checkLanguage

2023-07-27 22:49:48 - [TEST_STEP][PASSED] - openBrowser(""): Browser is opened with url: ''

2023-07-27 22:49:48 - [MESSAGE][INFO] - Starting 'Edge Chromium' driver

2023-07-27 22:49:50 - [MESSAGE][INFO] - Action delay is set to 0 milliseconds

2023-07-27 22:49:52 - [MESSAGE][PASSED] - Browser is opened with url: ''

2023-07-27 22:49:52 - [TEST_STEP][PASSED] - maximizeWindow(): Current window maximized

2023-07-27 22:49:52 - [MESSAGE][PASSED] - Current window maximized

2023-07-27 22:49:52 - [TEST_STEP][PASSED] - navigateToUrl("https://www.jobstoday.world/en/"): Navigate to 'https://www.jobstoday.world/en/' successfully

2023-07-27 22:50:16 - [MESSAGE][PASSED] - Navigate to 'https://www.jobstoday.world/en/' successfully

2023-07-27 22:50:16 - [TEST_STEP][PASSED] - click(findTestObject("Object Repository/regCandElements/Page_Jobs Search, Search for a Job - Jobsto_ce5d69/button_Accept All Cookies")): Object: 'Object Repository/regCandElements/Page_Jobs Search, Search for a Job - Jobsto_ce5d69/button_Accept All Cookies' is clicked on

2023-07-27 22:50:18 - [MESSAGE][PASSED] - Object: 'Object Repository/regCandElements/Page_Jobs Search, Search for a Job - Jobsto_ce5d69/button_Accept All Cookies' is clicked on

2023-07-27 22:50:18 - [TEST_STEP][PASSED] - verifyMatch(getText(findTestObject("Object Repository/checkLanguageElements/Page_Jobs Search, Search for a Job - Jobsto_ce5d69/a_Find Jobs")), "Find Jobs", false): Actual text 'Find Jobs' and expected text 'Find Jobs' are matched 

2023-07-27 22:50:19 - [MESSAGE][PASSED] - Text of object 'Object Repository/checkLanguageElements/Page_Jobs Search, Search for a Job - Jobsto_ce5d69/a_Find Jobs' is: 'Find Jobs'

2023-07-27 22:50:19 - [MESSAGE][PASSED] - Actual text 'Find Jobs' and expected text 'Find Jobs' are matched 

2023-07-27 22:50:19 - [TEST_STEP][PASSED] - click(findTestObject("Object Repository/checkLanguageElements/Page_Jobs Search, Search for a Job - Jobsto_ce5d69/span_EN")): Object: 'Object Repository/checkLanguageElements/Page_Jobs Search, Search for a Job - Jobsto_ce5d69/span_EN' is clicked on

2023-07-27 22:50:22 - [MESSAGE][PASSED] - Object: 'Object Repository/checkLanguageElements/Page_Jobs Search, Search for a Job - Jobsto_ce5d69/span_EN' is clicked on

2023-07-27 22:50:22 - [TEST_STEP][PASSED] - click(findTestObject("Object Repository/checkLanguageElements/Page_Jobs Search, Search for a Job - Jobsto_ce5d69/span_DE")): Object: 'Object Repository/checkLanguageElements/Page_Jobs Search, Search for a Job - Jobsto_ce5d69/span_DE' is clicked on

2023-07-27 22:50:25 - [MESSAGE][PASSED] - Object: 'Object Repository/checkLanguageElements/Page_Jobs Search, Search for a Job - Jobsto_ce5d69/span_DE' is clicked on

2023-07-27 22:50:25 - [TEST_STEP][PASSED] - verifyMatch(getText(findTestObject("Object Repository/checkLanguageElements/Page_Jobbrse, Jobangebote - Jobstoday.world/a_Jobs finden")), "Jobs finden", false): Actual text 'Jobs finden' and expected text 'Jobs finden' are matched 

2023-07-27 22:50:26 - [MESSAGE][PASSED] - Text of object 'Object Repository/checkLanguageElements/Page_Jobbrse, Jobangebote - Jobstoday.world/a_Jobs finden' is: 'Jobs finden'

2023-07-27 22:50:26 - [MESSAGE][PASSED] - Actual text 'Jobs finden' and expected text 'Jobs finden' are matched 

2023-07-27 22:50:26 - [TEST_STEP][PASSED] - click(findTestObject("Object Repository/checkLanguageElements/Page_/span_DE")): Object: 'Object Repository/checkLanguageElements/Page_/span_DE' is clicked on

2023-07-27 22:50:27 - [MESSAGE][PASSED] - Object: 'Object Repository/checkLanguageElements/Page_/span_DE' is clicked on

2023-07-27 22:50:27 - [TEST_STEP][PASSED] - click(findTestObject("Object Repository/checkLanguageElements/Page_/span_ES")): Object: 'Object Repository/checkLanguageElements/Page_/span_ES' is clicked on

2023-07-27 22:50:29 - [MESSAGE][PASSED] - Object: 'Object Repository/checkLanguageElements/Page_/span_ES' is clicked on

2023-07-27 22:50:29 - [TEST_STEP][PASSED] - verifyMatch(getText(findTestObject("Object Repository/checkLanguageElements/Page_/a_Encontrar Empleos")), "Encontrar Empleos", false): Actual text 'Encontrar Empleos' and expected text 'Encontrar Empleos' are matched 

2023-07-27 22:50:31 - [MESSAGE][PASSED] - Text of object 'Object Repository/checkLanguageElements/Page_/a_Encontrar Empleos' is: 'Encontrar Empleos'

2023-07-27 22:50:31 - [MESSAGE][PASSED] - Actual text 'Encontrar Empleos' and expected text 'Encontrar Empleos' are matched 

2023-07-27 22:50:31 - [TEST_STEP][PASSED] - click(findTestObject("Object Repository/checkLanguageElements/Page_/span_ES_1")): Object: 'Object Repository/checkLanguageElements/Page_/span_ES_1' is clicked on

2023-07-27 22:50:31 - [MESSAGE][PASSED] - Object: 'Object Repository/checkLanguageElements/Page_/span_ES_1' is clicked on

2023-07-27 22:50:31 - [TEST_STEP][PASSED] - click(findTestObject("Object Repository/checkLanguageElements/Page_/span_PL")): Object: 'Object Repository/checkLanguageElements/Page_/span_PL' is clicked on

2023-07-27 22:50:33 - [MESSAGE][PASSED] - Object: 'Object Repository/checkLanguageElements/Page_/span_PL' is clicked on

2023-07-27 22:50:33 - [TEST_STEP][PASSED] - verifyMatch(getText(findTestObject("Object Repository/checkLanguageElements/Page_/a_Znajd prac")), "Znajdź pracę", false): Actual text 'Znajdź pracę' and expected text 'Znajdź pracę' are matched 

2023-07-27 22:50:35 - [MESSAGE][PASSED] - Text of object 'Object Repository/checkLanguageElements/Page_/a_Znajd prac' is: 'Znajdź pracę'

2023-07-27 22:50:35 - [MESSAGE][PASSED] - Actual text 'Znajdź pracę' and expected text 'Znajdź pracę' are matched 

2023-07-27 22:50:35 - [TEST_STEP][PASSED] - closeBrowser(): Browser is closed

2023-07-27 22:50:36 - [MESSAGE][PASSED] - Browser is closed]]></system-out>
         <system-err><![CDATA[]]></system-err>
      </testcase>
      <testcase name="Test Cases/General/ResetPassword" time="46.324" classname="Test Cases/General/ResetPassword" status="PASSED">
         <system-out><![CDATA[2023-07-27 22:50:36 - [TEST_CASE][PASSED] - Test Cases/General/ResetPassword: Test Cases/General/ResetPassword

2023-07-27 22:50:36 - [TEST_STEP][PASSED] - openBrowser(""): Browser is opened with url: ''

2023-07-27 22:50:36 - [MESSAGE][INFO] - Starting 'Edge Chromium' driver

2023-07-27 22:50:38 - [MESSAGE][INFO] - Action delay is set to 0 milliseconds

2023-07-27 22:50:40 - [MESSAGE][PASSED] - Browser is opened with url: ''

2023-07-27 22:50:40 - [TEST_STEP][PASSED] - maximizeWindow(): Current window maximized

2023-07-27 22:50:40 - [MESSAGE][PASSED] - Current window maximized

2023-07-27 22:50:40 - [TEST_STEP][PASSED] - navigateToUrl("https://www.jobstoday.world/en/"): Navigate to 'https://www.jobstoday.world/en/' successfully

2023-07-27 22:51:04 - [MESSAGE][PASSED] - Navigate to 'https://www.jobstoday.world/en/' successfully

2023-07-27 22:51:04 - [TEST_STEP][PASSED] - maximizeWindow(): Current window maximized

2023-07-27 22:51:04 - [MESSAGE][PASSED] - Current window maximized

2023-07-27 22:51:04 - [TEST_STEP][PASSED] - click(findTestObject("Object Repository/regCandElements/Page_Jobs Search, Search for a Job - Jobsto_ce5d69/button_Accept All Cookies")): Object: 'Object Repository/regCandElements/Page_Jobs Search, Search for a Job - Jobsto_ce5d69/button_Accept All Cookies' is clicked on

2023-07-27 22:51:05 - [MESSAGE][PASSED] - Object: 'Object Repository/regCandElements/Page_Jobs Search, Search for a Job - Jobsto_ce5d69/button_Accept All Cookies' is clicked on

2023-07-27 22:51:05 - [TEST_STEP][PASSED] - click(findTestObject("Object Repository/ResetPasswordElements/Page_Jobs Search, Search for a Job - Jobsto_ce5d69/a_Login")): Object: 'Object Repository/ResetPasswordElements/Page_Jobs Search, Search for a Job - Jobsto_ce5d69/a_Login' is clicked on

2023-07-27 22:51:11 - [MESSAGE][PASSED] - Object: 'Object Repository/ResetPasswordElements/Page_Jobs Search, Search for a Job - Jobsto_ce5d69/a_Login' is clicked on

2023-07-27 22:51:11 - [TEST_STEP][PASSED] - scrollToPosition(693, 700): Browser is scrolled to position x = 693, y = 700

2023-07-27 22:51:11 - [MESSAGE][PASSED] - Browser is scrolled to position x = 693, y = 700

2023-07-27 22:51:11 - [TEST_STEP][PASSED] - click(findTestObject("Object Repository/ResetPasswordElements/Page_Login to Jobstoday.world - Create Resu_ef8a51/a_Forgotten password")): Object: 'Object Repository/ResetPasswordElements/Page_Login to Jobstoday.world - Create Resu_ef8a51/a_Forgotten password' is clicked on

2023-07-27 22:51:14 - [MESSAGE][PASSED] - Object: 'Object Repository/ResetPasswordElements/Page_Login to Jobstoday.world - Create Resu_ef8a51/a_Forgotten password' is clicked on

2023-07-27 22:51:14 - [TEST_STEP][PASSED] - setText(findTestObject("Object Repository/ResetPasswordElements/Page_/input_Email address_email"), "ahmedashraaf09@gmail.com"): Text 'ahmedashraaf09@gmail.com' is set on object 'Object Repository/ResetPasswordElements/Page_/input_Email address_email'

2023-07-27 22:51:16 - [MESSAGE][PASSED] - Text 'ahmedashraaf09@gmail.com' is set on object 'Object Repository/ResetPasswordElements/Page_/input_Email address_email'

2023-07-27 22:51:16 - [TEST_STEP][PASSED] - click(findTestObject("Object Repository/ResetPasswordElements/Page_/button_Reset Now")): Object: 'Object Repository/ResetPasswordElements/Page_/button_Reset Now' is clicked on

2023-07-27 22:51:20 - [MESSAGE][PASSED] - Object: 'Object Repository/ResetPasswordElements/Page_/button_Reset Now' is clicked on

2023-07-27 22:51:20 - [TEST_STEP][PASSED] - verifyElementVisible(findTestObject("Object Repository/ResetPasswordElements/Page_/h3_Link has been sent to your email address")): Object 'Object Repository/ResetPasswordElements/Page_/h3_Link has been sent to your email address' is visible

2023-07-27 22:51:21 - [MESSAGE][PASSED] - Object 'Object Repository/ResetPasswordElements/Page_/h3_Link has been sent to your email address' is visible

2023-07-27 22:51:21 - [TEST_STEP][PASSED] - closeBrowser(): Browser is closed

2023-07-27 22:51:22 - [MESSAGE][PASSED] - Browser is closed]]></system-out>
         <system-err><![CDATA[]]></system-err>
      </testcase>
      <testcase name="Test Cases/General/searchTc" time="45.063" classname="Test Cases/General/searchTc" status="PASSED">
         <system-out><![CDATA[2023-07-27 22:51:22 - [TEST_CASE][PASSED] - Test Cases/General/searchTc: Test Cases/General/searchTc

2023-07-27 22:51:22 - [TEST_STEP][PASSED] - openBrowser(""): Browser is opened with url: ''

2023-07-27 22:51:22 - [MESSAGE][INFO] - Starting 'Edge Chromium' driver

2023-07-27 22:51:25 - [MESSAGE][INFO] - Action delay is set to 0 milliseconds

2023-07-27 22:51:26 - [MESSAGE][PASSED] - Browser is opened with url: ''

2023-07-27 22:51:26 - [TEST_STEP][PASSED] - navigateToUrl("https://www.jobstoday.world/en/"): Navigate to 'https://www.jobstoday.world/en/' successfully

2023-07-27 22:51:33 - [MESSAGE][PASSED] - Navigate to 'https://www.jobstoday.world/en/' successfully

2023-07-27 22:51:33 - [TEST_STEP][PASSED] - maximizeWindow(): Current window maximized

2023-07-27 22:51:34 - [MESSAGE][PASSED] - Current window maximized

2023-07-27 22:51:34 - [TEST_STEP][PASSED] - click(findTestObject("Object Repository/regCandElements/Page_Jobs Search, Search for a Job - Jobsto_ce5d69/button_Accept All Cookies")): Object: 'Object Repository/regCandElements/Page_Jobs Search, Search for a Job - Jobsto_ce5d69/button_Accept All Cookies' is clicked on

2023-07-27 22:51:35 - [MESSAGE][PASSED] - Object: 'Object Repository/regCandElements/Page_Jobs Search, Search for a Job - Jobsto_ce5d69/button_Accept All Cookies' is clicked on

2023-07-27 22:51:35 - [TEST_STEP][PASSED] - setText(findTestObject("Object Repository/searchElements/Page_Jobs Search, Search for a Job - Jobstoday.world/input_Find employees from around the world_keywords"), "Manager"): Text 'Manager' is set on object 'Object Repository/searchElements/Page_Jobs Search, Search for a Job - Jobstoday.world/input_Find employees from around the world_keywords'

2023-07-27 22:51:40 - [MESSAGE][PASSED] - Text 'Manager' is set on object 'Object Repository/searchElements/Page_Jobs Search, Search for a Job - Jobstoday.world/input_Find employees from around the world_keywords'

2023-07-27 22:51:40 - [TEST_STEP][PASSED] - click(findTestObject("Object Repository/searchElements/Page_Jobs Search, Search for a Job - Jobstoday.world/button_Search")): Object: 'Object Repository/searchElements/Page_Jobs Search, Search for a Job - Jobstoday.world/button_Search' is clicked on

2023-07-27 22:52:04 - [MESSAGE][PASSED] - Object: 'Object Repository/searchElements/Page_Jobs Search, Search for a Job - Jobstoday.world/button_Search' is clicked on

2023-07-27 22:52:04 - [TEST_STEP][PASSED] - Thread.sleep(2000): null

2023-07-27 22:52:06 - [TEST_STEP][PASSED] - verifyElementVisible(findTestObject("Object Repository/searchElements/Page_Jobs Search, Search for a Job - Jobstoday.world/a_Manager, Data Integration, Research IT Data Engineering")): Object 'Object Repository/searchElements/Page_Jobs Search, Search for a Job - Jobstoday.world/a_Manager, Data Integration, Research IT Data Engineering' is visible

2023-07-27 22:52:06 - [MESSAGE][PASSED] - Object 'Object Repository/searchElements/Page_Jobs Search, Search for a Job - Jobstoday.world/a_Manager, Data Integration, Research IT Data Engineering' is visible

2023-07-27 22:52:06 - [TEST_STEP][PASSED] - closeBrowser(): Browser is closed

2023-07-27 22:52:07 - [MESSAGE][PASSED] - Browser is closed]]></system-out>
         <system-err><![CDATA[]]></system-err>
      </testcase>
      <system-out><![CDATA[2023-07-27 22:48:55 - [TEST_SUITE][PASSED] - GeneralSuite: Test Cases/General/searchTc]]></system-out>
      <system-err><![CDATA[]]></system-err>
   </testsuite>
</testsuites>
