<?xml version="1.0" encoding="UTF-8"?>
<testsuites name="EmployeeSuite" time="264.81" tests="3" failures="0" errors="0">
   <testsuite name="EmployeeSuite" tests="3" failures="0" errors="0" time="264.81" skipped="0" timestamp="2023-07-27 22:44:12" hostname="elost - DESKTOP-VE506JI" id="Test Suites/EmployeeSuite">
      <properties>
         <property name="deviceName" value=""/>
         <property name="devicePlatform" value=""/>
         <property name="logFolder" value="E:\\Projects\\JobsTodayKatalonWebAutomation\\Reports\\20230727_223031\\EmployeeSuite\\20230727_223034"/>
         <property name="logFiles" value="E:\\Projects\\JobsTodayKatalonWebAutomation\\Reports\\20230727_223031\\EmployeeSuite\\20230727_223034\\execution0.log"/>
         <property name="attachments" value=""/>
         <property name="hostName" value="elost - DESKTOP-VE506JI"/>
         <property name="os" value="Windows 10 64bit"/>
         <property name="katalonVersion" value="8.6.5.208"/>
         <property name="browser" value="Edge Chromium 115"/>
         <property name="hostAddress" value="192.168.1.4"/>
         <property name="sessionId" value="65a0fa2a882167b581236ec8e76d690f"/>
         <property name="seleniumVersion" value="3.141.59"/>
         <property name="proxyInformation" value="ProxyInformation { proxyOption=NO_PROXY, proxyServerType=HTTP, username=, password=********, proxyServerAddress=, proxyServerPort=0, executionList=&quot;&quot;, isApplyToDesiredCapabilities=true }"/>
         <property name="platform" value="Windows 10"/>
      </properties>
      <testcase name="Test Cases/Employee/ContactJobSeeker" time="77.82" classname="Test Cases/Employee/ContactJobSeeker" status="PASSED">
         <system-out><![CDATA[2023-07-27 22:44:12 - [TEST_CASE][PASSED] - Test Cases/Employee/ContactJobSeeker: Test Cases/Employee/ContactJobSeeker

2023-07-27 22:44:13 - [TEST_STEP][PASSED] - callTestCase(findTestCase("Test Cases/Employee/EmployeeLoginTC"), [:]): Call Test Case 'Test Cases/Employee/EmployeeLoginTC' successfully

2023-07-27 22:44:13 - [TEST_CASE][PASSED] - Test Cases/Employee/EmployeeLoginTC: Test Cases/Employee/EmployeeLoginTC

2023-07-27 22:44:14 - [TEST_STEP][PASSED] - openBrowser(""): Browser is opened with url: ''

2023-07-27 22:44:14 - [MESSAGE][INFO] - Starting 'Edge Chromium' driver

2023-07-27 22:44:17 - [MESSAGE][INFO] - Action delay is set to 0 milliseconds

2023-07-27 22:44:20 - [MESSAGE][PASSED] - Browser is opened with url: ''

2023-07-27 22:44:20 - [TEST_STEP][PASSED] - navigateToUrl("https://www.jobstoday.world/en/"): Navigate to 'https://www.jobstoday.world/en/' successfully

2023-07-27 22:44:27 - [MESSAGE][PASSED] - Navigate to 'https://www.jobstoday.world/en/' successfully

2023-07-27 22:44:27 - [TEST_STEP][PASSED] - maximizeWindow(): Current window maximized

2023-07-27 22:44:27 - [MESSAGE][PASSED] - Current window maximized

2023-07-27 22:44:27 - [TEST_STEP][PASSED] - click(findTestObject("Object Repository/loginElements/Page_Jobs Search, Search for a Job - Jobsto_ce5d69/button_Accept All Cookies")): Object: 'Object Repository/loginElements/Page_Jobs Search, Search for a Job - Jobsto_ce5d69/button_Accept All Cookies' is clicked on

2023-07-27 22:44:29 - [MESSAGE][PASSED] - Object: 'Object Repository/loginElements/Page_Jobs Search, Search for a Job - Jobsto_ce5d69/button_Accept All Cookies' is clicked on

2023-07-27 22:44:29 - [TEST_STEP][PASSED] - click(findTestObject("Object Repository/loginElements/Page_Jobs Search, Search for a Job - Jobsto_ce5d69/a_Login")): Object: 'Object Repository/loginElements/Page_Jobs Search, Search for a Job - Jobsto_ce5d69/a_Login' is clicked on

2023-07-27 22:44:36 - [MESSAGE][PASSED] - Object: 'Object Repository/loginElements/Page_Jobs Search, Search for a Job - Jobsto_ce5d69/a_Login' is clicked on

2023-07-27 22:44:36 - [TEST_STEP][PASSED] - setText(findTestObject("Object Repository/loginElements/Page_Login to Jobstoday.world - Create Resu_ef8a51/input_Email address_input_email"), "employee@gmail.com"): Text 'employee@gmail.com' is set on object 'Object Repository/loginElements/Page_Login to Jobstoday.world - Create Resu_ef8a51/input_Email address_input_email'

2023-07-27 22:44:38 - [MESSAGE][PASSED] - Text 'employee@gmail.com' is set on object 'Object Repository/loginElements/Page_Login to Jobstoday.world - Create Resu_ef8a51/input_Email address_input_email'

2023-07-27 22:44:38 - [TEST_STEP][PASSED] - setText(findTestObject("Object Repository/loginElements/Page_Login to Jobstoday.world - Create Resu_ef8a51/input_Password_input_password"), "Pass@123"): Text 'Pass@123' is set on object 'Object Repository/loginElements/Page_Login to Jobstoday.world - Create Resu_ef8a51/input_Password_input_password'

2023-07-27 22:44:41 - [MESSAGE][PASSED] - Text 'Pass@123' is set on object 'Object Repository/loginElements/Page_Login to Jobstoday.world - Create Resu_ef8a51/input_Password_input_password'

2023-07-27 22:44:41 - [TEST_STEP][PASSED] - driver = getWebDriver(): null

2023-07-27 22:44:41 - [TEST_STEP][PASSED] - a = new org.openqa.selenium.interactions.Actions(driver): null

2023-07-27 22:44:41 - [TEST_STEP][PASSED] - build().perform(): null

2023-07-27 22:44:41 - [TEST_STEP][PASSED] - build().perform(): null

2023-07-27 22:44:41 - [TEST_STEP][PASSED] - build().perform(): null

2023-07-27 22:44:41 - [TEST_STEP][PASSED] - build().perform(): null

2023-07-27 22:44:41 - [TEST_STEP][PASSED] - build().perform(): null

2023-07-27 22:44:41 - [TEST_STEP][PASSED] - Thread.sleep(2000): null

2023-07-27 22:44:43 - [TEST_STEP][PASSED] - a1 = "0": null

2023-07-27 22:44:43 - [TEST_STEP][PASSED] - a2 = "7": null

2023-07-27 22:44:43 - [TEST_STEP][PASSED] - a3 = "8": null

2023-07-27 22:44:43 - [TEST_STEP][PASSED] - a4 = "9": null

2023-07-27 22:44:43 - [TEST_STEP][PASSED] - build().perform(): null

2023-07-27 22:44:43 - [TEST_STEP][PASSED] - sendKeys(findTestObject("Object Repository/loginElements/Page_Login to Jobstoday.world - Create Resu_ef8a51/button_Login"), String.valueOf(a1 + a2 + a3 + a4)): Keys '216' sent to object: 'Object Repository/loginElements/Page_Login to Jobstoday.world - Create Resu_ef8a51/button_Login'

2023-07-27 22:44:44 - [MESSAGE][PASSED] - Keys '216' sent to object: 'Object Repository/loginElements/Page_Login to Jobstoday.world - Create Resu_ef8a51/button_Login'

2023-07-27 22:44:44 - [TEST_STEP][PASSED] - click(findTestObject("Object Repository/loginElements/Page_Login to Jobstoday.world - Create Resu_ef8a51/button_Login")): Object: 'Object Repository/loginElements/Page_Login to Jobstoday.world - Create Resu_ef8a51/button_Login' is clicked on

2023-07-27 22:44:44 - [MESSAGE][PASSED] - Object: 'Object Repository/loginElements/Page_Login to Jobstoday.world - Create Resu_ef8a51/button_Login' is clicked on

2023-07-27 22:44:44 - [TEST_STEP][PASSED] - Thread.sleep(2000): null

2023-07-27 22:44:46 - [TEST_STEP][PASSED] - verifyMatch(getUrl(), "https://www.jobstoday.world/en/", false): Actual text 'https://www.jobstoday.world/en/' and expected text 'https://www.jobstoday.world/en/' are matched 

2023-07-27 22:44:46 - [MESSAGE][PASSED] - Current window's url is: 'https://www.jobstoday.world/en/'

2023-07-27 22:44:46 - [MESSAGE][PASSED] - Actual text 'https://www.jobstoday.world/en/' and expected text 'https://www.jobstoday.world/en/' are matched 

2023-07-27 22:44:46 - [MESSAGE][PASSED] - Call Test Case 'Test Cases/Employee/EmployeeLoginTC' successfully

2023-07-27 22:44:46 - [TEST_STEP][PASSED] - click(findTestObject("Object Repository/ContactJobSeeker/Page_Jobs Search, Search for a Job - Jobsto_ce5d69/a_Find Jobseekers")): Object: 'Object Repository/ContactJobSeeker/Page_Jobs Search, Search for a Job - Jobsto_ce5d69/a_Find Jobseekers' is clicked on

2023-07-27 22:44:54 - [MESSAGE][PASSED] - Object: 'Object Repository/ContactJobSeeker/Page_Jobs Search, Search for a Job - Jobsto_ce5d69/a_Find Jobseekers' is clicked on

2023-07-27 22:44:54 - [TEST_STEP][PASSED] - setText(findTestObject("Object Repository/ContactJobSeeker/Page_/input_PL_keywords"), "sw tester"): Text 'sw tester' is set on object 'Object Repository/ContactJobSeeker/Page_/input_PL_keywords'

2023-07-27 22:44:59 - [MESSAGE][PASSED] - Text 'sw tester' is set on object 'Object Repository/ContactJobSeeker/Page_/input_PL_keywords'

2023-07-27 22:44:59 - [TEST_STEP][PASSED] - click(findTestObject("Object Repository/ContactJobSeeker/Page_/button_Search")): Object: 'Object Repository/ContactJobSeeker/Page_/button_Search' is clicked on

2023-07-27 22:45:02 - [MESSAGE][PASSED] - Object: 'Object Repository/ContactJobSeeker/Page_/button_Search' is clicked on

2023-07-27 22:45:02 - [TEST_STEP][PASSED] - driver = getWebDriver(): null

2023-07-27 22:45:02 - [TEST_STEP][PASSED] - current = driver.getWindowHandle(): null

2023-07-27 22:45:02 - [TEST_STEP][PASSED] - click(findTestObject("Object Repository/ContactJobSeeker/Page_/a_VIEW PROFILE")): Object: 'Object Repository/ContactJobSeeker/Page_/a_VIEW PROFILE' is clicked on

2023-07-27 22:45:03 - [MESSAGE][PASSED] - Object: 'Object Repository/ContactJobSeeker/Page_/a_VIEW PROFILE' is clicked on

2023-07-27 22:45:03 - [TEST_STEP][PASSED] - handels = new java.util.ArrayList(driver.getWindowHandles()): null

2023-07-27 22:45:03 - [TEST_STEP][PASSED] - for (String s : handels): null

2023-07-27 22:45:03 - [TEST_STEP][PASSED] - if (!(s.equals(current))): null

2023-07-27 22:45:03 - [TEST_STEP][PASSED] - if (!(s.equals(current))): null

2023-07-27 22:45:03 - [TEST_STEP][PASSED] - switchTo().window(s): null

2023-07-27 22:45:03 - [TEST_STEP][PASSED] - click(findTestObject("Object Repository/ContactJobSeeker/Page_/button_Message")): Object: 'Object Repository/ContactJobSeeker/Page_/button_Message' is clicked on

2023-07-27 22:45:07 - [MESSAGE][PASSED] - Object: 'Object Repository/ContactJobSeeker/Page_/button_Message' is clicked on

2023-07-27 22:45:07 - [TEST_STEP][PASSED] - setText(findTestObject("Object Repository/ContactJobSeeker/Page_/textarea_Contact inquiry_input_inquiry"), "test "): Text 'test ' is set on object 'Object Repository/ContactJobSeeker/Page_/textarea_Contact inquiry_input_inquiry'

2023-07-27 22:45:08 - [MESSAGE][PASSED] - Text 'test ' is set on object 'Object Repository/ContactJobSeeker/Page_/textarea_Contact inquiry_input_inquiry'

2023-07-27 22:45:08 - [TEST_STEP][PASSED] - setText(findTestObject("Object Repository/ContactJobSeeker/Page_/input_First name_input_firstname"), "ahmed"): Text 'ahmed' is set on object 'Object Repository/ContactJobSeeker/Page_/input_First name_input_firstname'

2023-07-27 22:45:10 - [MESSAGE][PASSED] - Text 'ahmed' is set on object 'Object Repository/ContactJobSeeker/Page_/input_First name_input_firstname'

2023-07-27 22:45:10 - [TEST_STEP][PASSED] - setText(findTestObject("Object Repository/ContactJobSeeker/Page_/input_Last name_input_lastname"), "test"): Text 'test' is set on object 'Object Repository/ContactJobSeeker/Page_/input_Last name_input_lastname'

2023-07-27 22:45:11 - [MESSAGE][PASSED] - Text 'test' is set on object 'Object Repository/ContactJobSeeker/Page_/input_Last name_input_lastname'

2023-07-27 22:45:11 - [TEST_STEP][PASSED] - setText(findTestObject("Object Repository/ContactJobSeeker/Page_/input_Phone number_input_phone"), "+201146196154"): Text '+201146196154' is set on object 'Object Repository/ContactJobSeeker/Page_/input_Phone number_input_phone'

2023-07-27 22:45:12 - [MESSAGE][PASSED] - Text '+201146196154' is set on object 'Object Repository/ContactJobSeeker/Page_/input_Phone number_input_phone'

2023-07-27 22:45:12 - [TEST_STEP][PASSED] - setText(findTestObject("Object Repository/ContactJobSeeker/Page_/input_Email address_input_email"), "employee@gmail.com"): Text 'employee@gmail.com' is set on object 'Object Repository/ContactJobSeeker/Page_/input_Email address_input_email'

2023-07-27 22:45:13 - [MESSAGE][PASSED] - Text 'employee@gmail.com' is set on object 'Object Repository/ContactJobSeeker/Page_/input_Email address_input_email'

2023-07-27 22:45:13 - [TEST_STEP][PASSED] - setText(findTestObject("Object Repository/ContactJobSeeker/Page_/input_Company_input_company"), "testawy"): Text 'testawy' is set on object 'Object Repository/ContactJobSeeker/Page_/input_Company_input_company'

2023-07-27 22:45:14 - [MESSAGE][PASSED] - Text 'testawy' is set on object 'Object Repository/ContactJobSeeker/Page_/input_Company_input_company'

2023-07-27 22:45:14 - [TEST_STEP][PASSED] - setText(findTestObject("Object Repository/ContactJobSeeker/Page_/input_Website_input_website"), ""): Text '' is set on object 'Object Repository/ContactJobSeeker/Page_/input_Website_input_website'

2023-07-27 22:45:15 - [MESSAGE][PASSED] - Text '' is set on object 'Object Repository/ContactJobSeeker/Page_/input_Website_input_website'

2023-07-27 22:45:15 - [TEST_STEP][PASSED] - click(findTestObject("Object Repository/ContactJobSeeker/Page_/input_Website_privacy")): Object: 'Object Repository/ContactJobSeeker/Page_/input_Website_privacy' is clicked on

2023-07-27 22:45:16 - [MESSAGE][PASSED] - Object: 'Object Repository/ContactJobSeeker/Page_/input_Website_privacy' is clicked on

2023-07-27 22:45:16 - [TEST_STEP][PASSED] - a = new org.openqa.selenium.interactions.Actions(driver): null

2023-07-27 22:45:16 - [TEST_STEP][PASSED] - build().perform(): null

2023-07-27 22:45:16 - [TEST_STEP][PASSED] - build().perform(): null

2023-07-27 22:45:16 - [TEST_STEP][PASSED] - build().perform(): null

2023-07-27 22:45:16 - [TEST_STEP][PASSED] - build().perform(): null

2023-07-27 22:45:16 - [TEST_STEP][PASSED] - build().perform(): null

2023-07-27 22:45:16 - [TEST_STEP][PASSED] - Thread.sleep(2000): null

2023-07-27 22:45:18 - [TEST_STEP][PASSED] - a1 = "0": null

2023-07-27 22:45:18 - [TEST_STEP][PASSED] - a2 = "7": null

2023-07-27 22:45:18 - [TEST_STEP][PASSED] - a3 = "8": null

2023-07-27 22:45:18 - [TEST_STEP][PASSED] - a4 = "9": null

2023-07-27 22:45:18 - [TEST_STEP][PASSED] - build().perform(): null

2023-07-27 22:45:18 - [TEST_STEP][PASSED] - sendKeys(findTestObject("Object Repository/ContactJobSeeker/Page_/button_Send"), String.valueOf(a1 + a2 + a3 + a4)): Keys '216' sent to object: 'Object Repository/ContactJobSeeker/Page_/button_Send'

2023-07-27 22:45:18 - [MESSAGE][PASSED] - Keys '216' sent to object: 'Object Repository/ContactJobSeeker/Page_/button_Send'

2023-07-27 22:45:18 - [TEST_STEP][PASSED] - click(findTestObject("Object Repository/ContactJobSeeker/Page_/button_Send")): Object: 'Object Repository/ContactJobSeeker/Page_/button_Send' is clicked on

2023-07-27 22:45:19 - [MESSAGE][PASSED] - Object: 'Object Repository/ContactJobSeeker/Page_/button_Send' is clicked on

2023-07-27 22:45:19 - [TEST_STEP][PASSED] - verifyElementVisible(findTestObject("Object Repository/ContactJobSeeker/Page_/div_You have successfully sent  a message")): Object 'Object Repository/ContactJobSeeker/Page_/div_You have successfully sent  a message' is visible

2023-07-27 22:45:21 - [MESSAGE][PASSED] - Object 'Object Repository/ContactJobSeeker/Page_/div_You have successfully sent  a message' is visible

2023-07-27 22:45:21 - [TEST_STEP][PASSED] - click(findTestObject("Object Repository/ContactJobSeeker/Page_/a_Close")): Object: 'Object Repository/ContactJobSeeker/Page_/a_Close' is clicked on

2023-07-27 22:45:21 - [MESSAGE][PASSED] - Object: 'Object Repository/ContactJobSeeker/Page_/a_Close' is clicked on

2023-07-27 22:45:21 - [TEST_STEP][PASSED] - Thread.sleep(2000): null

2023-07-27 22:45:23 - [TEST_STEP][PASSED] - click(findTestObject("Object Repository/ContactJobSeeker/Page_/img_1")): Object: 'Object Repository/ContactJobSeeker/Page_/img_1' is clicked on

2023-07-27 22:45:27 - [MESSAGE][PASSED] - Object: 'Object Repository/ContactJobSeeker/Page_/img_1' is clicked on

2023-07-27 22:45:27 - [TEST_STEP][PASSED] - click(findTestObject("Object Repository/ContactJobSeeker/forHover")): Object: 'Object Repository/ContactJobSeeker/forHover' is clicked on

2023-07-27 22:45:27 - [MESSAGE][PASSED] - Object: 'Object Repository/ContactJobSeeker/forHover' is clicked on

2023-07-27 22:45:27 - [TEST_STEP][PASSED] - click(findTestObject("Object Repository/ContactJobSeeker/Page_Jobstoday/span_Logout")): Object: 'Object Repository/ContactJobSeeker/Page_Jobstoday/span_Logout' is clicked on

2023-07-27 22:45:30 - [MESSAGE][PASSED] - Object: 'Object Repository/ContactJobSeeker/Page_Jobstoday/span_Logout' is clicked on]]></system-out>
         <system-err><![CDATA[]]></system-err>
      </testcase>
      <testcase name="Test Cases/Employee/EmployeeLoginTC" time="45.546" classname="Test Cases/Employee/EmployeeLoginTC" status="PASSED">
         <system-out><![CDATA[2023-07-27 22:45:30 - [TEST_CASE][PASSED] - Test Cases/Employee/EmployeeLoginTC: Test Cases/Employee/EmployeeLoginTC

2023-07-27 22:45:30 - [TEST_STEP][PASSED] - openBrowser(""): Browser is opened with url: ''

2023-07-27 22:45:30 - [MESSAGE][WARNING] - A browser is already opened. Closing browser and opening a new one

2023-07-27 22:45:31 - [MESSAGE][INFO] - Starting 'Edge Chromium' driver

2023-07-27 22:45:33 - [MESSAGE][INFO] - Action delay is set to 0 milliseconds

2023-07-27 22:45:35 - [MESSAGE][PASSED] - Browser is opened with url: ''

2023-07-27 22:45:35 - [TEST_STEP][PASSED] - navigateToUrl("https://www.jobstoday.world/en/"): Navigate to 'https://www.jobstoday.world/en/' successfully

2023-07-27 22:45:59 - [MESSAGE][PASSED] - Navigate to 'https://www.jobstoday.world/en/' successfully

2023-07-27 22:45:59 - [TEST_STEP][PASSED] - maximizeWindow(): Current window maximized

2023-07-27 22:45:59 - [MESSAGE][PASSED] - Current window maximized

2023-07-27 22:45:59 - [TEST_STEP][PASSED] - click(findTestObject("Object Repository/loginElements/Page_Jobs Search, Search for a Job - Jobsto_ce5d69/button_Accept All Cookies")): Object: 'Object Repository/loginElements/Page_Jobs Search, Search for a Job - Jobsto_ce5d69/button_Accept All Cookies' is clicked on

2023-07-27 22:46:01 - [MESSAGE][PASSED] - Object: 'Object Repository/loginElements/Page_Jobs Search, Search for a Job - Jobsto_ce5d69/button_Accept All Cookies' is clicked on

2023-07-27 22:46:01 - [TEST_STEP][PASSED] - click(findTestObject("Object Repository/loginElements/Page_Jobs Search, Search for a Job - Jobsto_ce5d69/a_Login")): Object: 'Object Repository/loginElements/Page_Jobs Search, Search for a Job - Jobsto_ce5d69/a_Login' is clicked on

2023-07-27 22:46:05 - [MESSAGE][PASSED] - Object: 'Object Repository/loginElements/Page_Jobs Search, Search for a Job - Jobsto_ce5d69/a_Login' is clicked on

2023-07-27 22:46:05 - [TEST_STEP][PASSED] - setText(findTestObject("Object Repository/loginElements/Page_Login to Jobstoday.world - Create Resu_ef8a51/input_Email address_input_email"), "employee@gmail.com"): Text 'employee@gmail.com' is set on object 'Object Repository/loginElements/Page_Login to Jobstoday.world - Create Resu_ef8a51/input_Email address_input_email'

2023-07-27 22:46:07 - [MESSAGE][PASSED] - Text 'employee@gmail.com' is set on object 'Object Repository/loginElements/Page_Login to Jobstoday.world - Create Resu_ef8a51/input_Email address_input_email'

2023-07-27 22:46:07 - [TEST_STEP][PASSED] - setText(findTestObject("Object Repository/loginElements/Page_Login to Jobstoday.world - Create Resu_ef8a51/input_Password_input_password"), "Pass@123"): Text 'Pass@123' is set on object 'Object Repository/loginElements/Page_Login to Jobstoday.world - Create Resu_ef8a51/input_Password_input_password'

2023-07-27 22:46:09 - [MESSAGE][PASSED] - Text 'Pass@123' is set on object 'Object Repository/loginElements/Page_Login to Jobstoday.world - Create Resu_ef8a51/input_Password_input_password'

2023-07-27 22:46:09 - [TEST_STEP][PASSED] - driver = getWebDriver(): null

2023-07-27 22:46:09 - [TEST_STEP][PASSED] - a = new org.openqa.selenium.interactions.Actions(driver): null

2023-07-27 22:46:09 - [TEST_STEP][PASSED] - build().perform(): null

2023-07-27 22:46:09 - [TEST_STEP][PASSED] - build().perform(): null

2023-07-27 22:46:09 - [TEST_STEP][PASSED] - build().perform(): null

2023-07-27 22:46:09 - [TEST_STEP][PASSED] - build().perform(): null

2023-07-27 22:46:09 - [TEST_STEP][PASSED] - build().perform(): null

2023-07-27 22:46:09 - [TEST_STEP][PASSED] - Thread.sleep(2000): null

2023-07-27 22:46:11 - [TEST_STEP][PASSED] - a1 = "0": null

2023-07-27 22:46:11 - [TEST_STEP][PASSED] - a2 = "7": null

2023-07-27 22:46:11 - [TEST_STEP][PASSED] - a3 = "8": null

2023-07-27 22:46:11 - [TEST_STEP][PASSED] - a4 = "9": null

2023-07-27 22:46:11 - [TEST_STEP][PASSED] - build().perform(): null

2023-07-27 22:46:12 - [TEST_STEP][PASSED] - sendKeys(findTestObject("Object Repository/loginElements/Page_Login to Jobstoday.world - Create Resu_ef8a51/button_Login"), String.valueOf(a1 + a2 + a3 + a4)): Keys '216' sent to object: 'Object Repository/loginElements/Page_Login to Jobstoday.world - Create Resu_ef8a51/button_Login'

2023-07-27 22:46:12 - [MESSAGE][PASSED] - Keys '216' sent to object: 'Object Repository/loginElements/Page_Login to Jobstoday.world - Create Resu_ef8a51/button_Login'

2023-07-27 22:46:12 - [TEST_STEP][PASSED] - click(findTestObject("Object Repository/loginElements/Page_Login to Jobstoday.world - Create Resu_ef8a51/button_Login")): Object: 'Object Repository/loginElements/Page_Login to Jobstoday.world - Create Resu_ef8a51/button_Login' is clicked on

2023-07-27 22:46:13 - [MESSAGE][PASSED] - Object: 'Object Repository/loginElements/Page_Login to Jobstoday.world - Create Resu_ef8a51/button_Login' is clicked on

2023-07-27 22:46:13 - [TEST_STEP][PASSED] - Thread.sleep(2000): null

2023-07-27 22:46:15 - [TEST_STEP][PASSED] - verifyMatch(getUrl(), "https://www.jobstoday.world/en/", false): Actual text 'https://www.jobstoday.world/en/' and expected text 'https://www.jobstoday.world/en/' are matched 

2023-07-27 22:46:15 - [MESSAGE][PASSED] - Current window's url is: 'https://www.jobstoday.world/en/'

2023-07-27 22:46:15 - [MESSAGE][PASSED] - Actual text 'https://www.jobstoday.world/en/' and expected text 'https://www.jobstoday.world/en/' are matched]]></system-out>
         <system-err><![CDATA[]]></system-err>
      </testcase>
      <testcase name="Test Cases/Employee/LogoutEmployeeTC" time="140.925" classname="Test Cases/Employee/LogoutEmployeeTC" status="PASSED">
         <system-out><![CDATA[2023-07-27 22:46:16 - [TEST_CASE][PASSED] - Test Cases/Employee/LogoutEmployeeTC: Test Cases/Employee/LogoutEmployeeTC

2023-07-27 22:46:16 - [TEST_STEP][PASSED] - callTestCase(findTestCase("Test Cases/Employee/EmployeeLoginTC"), [:]): Call Test Case 'Test Cases/Employee/EmployeeLoginTC' successfully

2023-07-27 22:46:16 - [TEST_CASE][PASSED] - Test Cases/Employee/EmployeeLoginTC: Test Cases/Employee/EmployeeLoginTC

2023-07-27 22:46:16 - [TEST_STEP][PASSED] - openBrowser(""): Browser is opened with url: ''

2023-07-27 22:46:16 - [MESSAGE][WARNING] - A browser is already opened. Closing browser and opening a new one

2023-07-27 22:46:18 - [MESSAGE][INFO] - Starting 'Edge Chromium' driver

2023-07-27 22:46:20 - [MESSAGE][INFO] - Action delay is set to 0 milliseconds

2023-07-27 22:46:21 - [MESSAGE][PASSED] - Browser is opened with url: ''

2023-07-27 22:46:21 - [TEST_STEP][PASSED] - navigateToUrl("https://www.jobstoday.world/en/"): Navigate to 'https://www.jobstoday.world/en/' successfully

2023-07-27 22:46:44 - [MESSAGE][PASSED] - Navigate to 'https://www.jobstoday.world/en/' successfully

2023-07-27 22:46:44 - [TEST_STEP][PASSED] - maximizeWindow(): Current window maximized

2023-07-27 22:46:44 - [MESSAGE][PASSED] - Current window maximized

2023-07-27 22:46:44 - [TEST_STEP][PASSED] - click(findTestObject("Object Repository/loginElements/Page_Jobs Search, Search for a Job - Jobsto_ce5d69/button_Accept All Cookies")): Object: 'Object Repository/loginElements/Page_Jobs Search, Search for a Job - Jobsto_ce5d69/button_Accept All Cookies' is clicked on

2023-07-27 22:46:45 - [MESSAGE][PASSED] - Object: 'Object Repository/loginElements/Page_Jobs Search, Search for a Job - Jobsto_ce5d69/button_Accept All Cookies' is clicked on

2023-07-27 22:46:45 - [TEST_STEP][PASSED] - click(findTestObject("Object Repository/loginElements/Page_Jobs Search, Search for a Job - Jobsto_ce5d69/a_Login")): Object: 'Object Repository/loginElements/Page_Jobs Search, Search for a Job - Jobsto_ce5d69/a_Login' is clicked on

2023-07-27 22:46:49 - [MESSAGE][PASSED] - Object: 'Object Repository/loginElements/Page_Jobs Search, Search for a Job - Jobsto_ce5d69/a_Login' is clicked on

2023-07-27 22:46:49 - [TEST_STEP][PASSED] - setText(findTestObject("Object Repository/loginElements/Page_Login to Jobstoday.world - Create Resu_ef8a51/input_Email address_input_email"), "employee@gmail.com"): Text 'employee@gmail.com' is set on object 'Object Repository/loginElements/Page_Login to Jobstoday.world - Create Resu_ef8a51/input_Email address_input_email'

2023-07-27 22:46:51 - [MESSAGE][PASSED] - Text 'employee@gmail.com' is set on object 'Object Repository/loginElements/Page_Login to Jobstoday.world - Create Resu_ef8a51/input_Email address_input_email'

2023-07-27 22:46:51 - [TEST_STEP][PASSED] - setText(findTestObject("Object Repository/loginElements/Page_Login to Jobstoday.world - Create Resu_ef8a51/input_Password_input_password"), "Pass@123"): Text 'Pass@123' is set on object 'Object Repository/loginElements/Page_Login to Jobstoday.world - Create Resu_ef8a51/input_Password_input_password'

2023-07-27 22:46:54 - [MESSAGE][PASSED] - Text 'Pass@123' is set on object 'Object Repository/loginElements/Page_Login to Jobstoday.world - Create Resu_ef8a51/input_Password_input_password'

2023-07-27 22:46:54 - [TEST_STEP][PASSED] - driver = getWebDriver(): null

2023-07-27 22:46:54 - [TEST_STEP][PASSED] - a = new org.openqa.selenium.interactions.Actions(driver): null

2023-07-27 22:46:54 - [TEST_STEP][PASSED] - build().perform(): null

2023-07-27 22:46:54 - [TEST_STEP][PASSED] - build().perform(): null

2023-07-27 22:46:54 - [TEST_STEP][PASSED] - build().perform(): null

2023-07-27 22:46:54 - [TEST_STEP][PASSED] - build().perform(): null

2023-07-27 22:46:54 - [TEST_STEP][PASSED] - build().perform(): null

2023-07-27 22:46:54 - [TEST_STEP][PASSED] - Thread.sleep(2000): null

2023-07-27 22:46:56 - [TEST_STEP][PASSED] - a1 = "0": null

2023-07-27 22:46:56 - [TEST_STEP][PASSED] - a2 = "7": null

2023-07-27 22:46:56 - [TEST_STEP][PASSED] - a3 = "8": null

2023-07-27 22:46:56 - [TEST_STEP][PASSED] - a4 = "9": null

2023-07-27 22:46:56 - [TEST_STEP][PASSED] - build().perform(): null

2023-07-27 22:46:57 - [TEST_STEP][PASSED] - sendKeys(findTestObject("Object Repository/loginElements/Page_Login to Jobstoday.world - Create Resu_ef8a51/button_Login"), String.valueOf(a1 + a2 + a3 + a4)): Keys '216' sent to object: 'Object Repository/loginElements/Page_Login to Jobstoday.world - Create Resu_ef8a51/button_Login'

2023-07-27 22:46:57 - [MESSAGE][PASSED] - Keys '216' sent to object: 'Object Repository/loginElements/Page_Login to Jobstoday.world - Create Resu_ef8a51/button_Login'

2023-07-27 22:46:57 - [TEST_STEP][PASSED] - click(findTestObject("Object Repository/loginElements/Page_Login to Jobstoday.world - Create Resu_ef8a51/button_Login")): Object: 'Object Repository/loginElements/Page_Login to Jobstoday.world - Create Resu_ef8a51/button_Login' is clicked on

2023-07-27 22:46:58 - [MESSAGE][PASSED] - Object: 'Object Repository/loginElements/Page_Login to Jobstoday.world - Create Resu_ef8a51/button_Login' is clicked on

2023-07-27 22:46:58 - [TEST_STEP][PASSED] - Thread.sleep(2000): null

2023-07-27 22:47:00 - [TEST_STEP][PASSED] - verifyMatch(getUrl(), "https://www.jobstoday.world/en/", false): Actual text 'https://www.jobstoday.world/en/' and expected text 'https://www.jobstoday.world/en/' are matched 

2023-07-27 22:47:03 - [MESSAGE][PASSED] - Current window's url is: 'https://www.jobstoday.world/en/'

2023-07-27 22:47:03 - [MESSAGE][PASSED] - Actual text 'https://www.jobstoday.world/en/' and expected text 'https://www.jobstoday.world/en/' are matched 

2023-07-27 22:47:03 - [MESSAGE][PASSED] - Call Test Case 'Test Cases/Employee/EmployeeLoginTC' successfully

2023-07-27 22:47:03 - [TEST_STEP][PASSED] - click(findTestObject("Object Repository/ContactJobSeeker/Page_/img_1")): Object: 'Object Repository/ContactJobSeeker/Page_/img_1' is clicked on

2023-07-27 22:48:31 - [MESSAGE][PASSED] - Object: 'Object Repository/ContactJobSeeker/Page_/img_1' is clicked on

2023-07-27 22:48:31 - [TEST_STEP][PASSED] - click(findTestObject("Object Repository/ContactJobSeeker/forHover")): Object: 'Object Repository/ContactJobSeeker/forHover' is clicked on

2023-07-27 22:48:32 - [MESSAGE][PASSED] - Object: 'Object Repository/ContactJobSeeker/forHover' is clicked on

2023-07-27 22:48:32 - [TEST_STEP][PASSED] - click(findTestObject("Object Repository/ContactJobSeeker/Page_Jobstoday/span_Logout")): Object: 'Object Repository/ContactJobSeeker/Page_Jobstoday/span_Logout' is clicked on

2023-07-27 22:48:35 - [MESSAGE][PASSED] - Object: 'Object Repository/ContactJobSeeker/Page_Jobstoday/span_Logout' is clicked on

2023-07-27 22:48:35 - [TEST_STEP][PASSED] - verifyMatch(getUrl(), "https://www.jobstoday.world/en/login/", false): Actual text 'https://www.jobstoday.world/en/login/' and expected text 'https://www.jobstoday.world/en/login/' are matched 

2023-07-27 22:48:35 - [MESSAGE][PASSED] - Current window's url is: 'https://www.jobstoday.world/en/login/'

2023-07-27 22:48:35 - [MESSAGE][PASSED] - Actual text 'https://www.jobstoday.world/en/login/' and expected text 'https://www.jobstoday.world/en/login/' are matched 

2023-07-27 22:48:35 - [TEST_STEP][PASSED] - closeBrowser(): Browser is closed

2023-07-27 22:48:36 - [MESSAGE][PASSED] - Browser is closed]]></system-out>
         <system-err><![CDATA[]]></system-err>
      </testcase>
      <system-out><![CDATA[2023-07-27 22:44:12 - [TEST_SUITE][PASSED] - EmployeeSuite: Test Cases/Employee/LogoutEmployeeTC]]></system-out>
      <system-err><![CDATA[]]></system-err>
   </testsuite>
</testsuites>
